{"/Users/santiagoperezcastro/Documents/devops/ProyectoAudioVital/Backend/app.js": {"path":"/Users/santiagoperezcastro/Documents/devops/ProyectoAudioVital/Backend/app.js","statementMap":{"0":{"start":{"line":1,"column":16},"end":{"line":1,"column":34}},"1":{"start":{"line":2,"column":19},"end":{"line":2,"column":41}},"2":{"start":{"line":3,"column":13},"end":{"line":3,"column":28}},"3":{"start":{"line":4,"column":15},"end":{"line":4,"column":40}},"4":{"start":{"line":5,"column":11},"end":{"line":5,"column":29}},"5":{"start":{"line":7,"column":12},"end":{"line":7,"column":21}},"6":{"start":{"line":9,"column":0},"end":{"line":9,"column":31}},"7":{"start":{"line":10,"column":0},"end":{"line":10,"column":51}},"8":{"start":{"line":11,"column":0},"end":{"line":11,"column":27}},"9":{"start":{"line":12,"column":0},"end":{"line":12,"column":27}},"10":{"start":{"line":14,"column":0},"end":{"line":16,"column":3}},"11":{"start":{"line":15,"column":1},"end":{"line":15,"column":51}},"12":{"start":{"line":18,"column":0},"end":{"line":18,"column":42}},"13":{"start":{"line":20,"column":15},"end":{"line":23,"column":2}},"14":{"start":{"line":21,"column":1},"end":{"line":21,"column":37}},"15":{"start":{"line":22,"column":1},"end":{"line":22,"column":58}},"16":{"start":{"line":25,"column":0},"end":{"line":25,"column":20}}},"fnMap":{"0":{"name":"(anonymous_0)","decl":{"start":{"line":14,"column":8},"end":{"line":14,"column":9}},"loc":{"start":{"line":14,"column":14},"end":{"line":16,"column":1}},"line":14},"1":{"name":"(anonymous_1)","decl":{"start":{"line":20,"column":43},"end":{"line":20,"column":44}},"loc":{"start":{"line":20,"column":49},"end":{"line":23,"column":1}},"line":20}},"branchMap":{"0":{"loc":{"start":{"line":18,"column":16},"end":{"line":18,"column":40}},"type":"binary-expr","locations":[{"start":{"line":18,"column":16},"end":{"line":18,"column":32}},{"start":{"line":18,"column":36},"end":{"line":18,"column":40}}],"line":18}},"s":{"0":1,"1":1,"2":1,"3":1,"4":1,"5":1,"6":1,"7":1,"8":1,"9":1,"10":1,"11":1,"12":1,"13":1,"14":1,"15":1,"16":1},"f":{"0":1,"1":1},"b":{"0":[1,1]},"_coverageSchema":"1a1c01bbd47fc00a2c39e90264f33305004495a9","hash":"30d359e7fc80b6051b200dbc58b0dbef59a52c6d"}
,"/Users/santiagoperezcastro/Documents/devops/ProyectoAudioVital/Backend/controllers/CitaClinicaController.js": {"path":"/Users/santiagoperezcastro/Documents/devops/ProyectoAudioVital/Backend/controllers/CitaClinicaController.js","statementMap":{"0":{"start":{"line":1,"column":0},"end":{"line":1,"column":32}},"1":{"start":{"line":2,"column":0},"end":{"line":2,"column":29}},"2":{"start":{"line":4,"column":17},"end":{"line":4,"column":36}},"3":{"start":{"line":5,"column":14},"end":{"line":5,"column":42}},"4":{"start":{"line":6,"column":20},"end":{"line":6,"column":49}},"5":{"start":{"line":7,"column":17},"end":{"line":7,"column":43}},"6":{"start":{"line":9,"column":0},"end":{"line":36,"column":1}},"7":{"start":{"line":10,"column":19},"end":{"line":10,"column":34}},"8":{"start":{"line":11,"column":19},"end":{"line":11,"column":33}},"9":{"start":{"line":12,"column":18},"end":{"line":12,"column":31}},"10":{"start":{"line":13,"column":17},"end":{"line":13,"column":42}},"11":{"start":{"line":15,"column":4},"end":{"line":35,"column":6}},"12":{"start":{"line":16,"column":8},"end":{"line":34,"column":9}},"13":{"start":{"line":17,"column":12},"end":{"line":19,"column":14}},"14":{"start":{"line":21,"column":12},"end":{"line":33,"column":14}},"15":{"start":{"line":22,"column":16},"end":{"line":24,"column":17}},"16":{"start":{"line":23,"column":20},"end":{"line":23,"column":103}},"17":{"start":{"line":25,"column":16},"end":{"line":32,"column":17}},"18":{"start":{"line":26,"column":20},"end":{"line":26,"column":90}},"19":{"start":{"line":28,"column":20},"end":{"line":31,"column":22}},"20":{"start":{"line":29,"column":24},"end":{"line":29,"column":83}},"21":{"start":{"line":38,"column":0},"end":{"line":46,"column":1}},"22":{"start":{"line":43,"column":4},"end":{"line":45,"column":6}},"23":{"start":{"line":44,"column":8},"end":{"line":44,"column":34}},"24":{"start":{"line":49,"column":0},"end":{"line":63,"column":1}},"25":{"start":{"line":51,"column":17},"end":{"line":51,"column":33}},"26":{"start":{"line":53,"column":4},"end":{"line":62,"column":6}},"27":{"start":{"line":54,"column":8},"end":{"line":54,"column":25}},"28":{"start":{"line":54,"column":16},"end":{"line":54,"column":25}},"29":{"start":{"line":56,"column":20},"end":{"line":56,"column":22}},"30":{"start":{"line":57,"column":8},"end":{"line":59,"column":9}},"31":{"start":{"line":57,"column":21},"end":{"line":57,"column":22}},"32":{"start":{"line":58,"column":12},"end":{"line":58,"column":38}},"33":{"start":{"line":61,"column":8},"end":{"line":61,"column":44}},"34":{"start":{"line":65,"column":0},"end":{"line":105,"column":1}},"35":{"start":{"line":67,"column":17},"end":{"line":67,"column":33}},"36":{"start":{"line":68,"column":16},"end":{"line":68,"column":18}},"37":{"start":{"line":69,"column":18},"end":{"line":69,"column":20}},"38":{"start":{"line":71,"column":20},"end":{"line":71,"column":22}},"39":{"start":{"line":73,"column":4},"end":{"line":77,"column":6}},"40":{"start":{"line":74,"column":8},"end":{"line":74,"column":22}},"41":{"start":{"line":76,"column":8},"end":{"line":76,"column":91}},"42":{"start":{"line":79,"column":4},"end":{"line":82,"column":5}},"43":{"start":{"line":80,"column":8},"end":{"line":80,"column":33}},"44":{"start":{"line":81,"column":8},"end":{"line":81,"column":37}},"45":{"start":{"line":84,"column":4},"end":{"line":90,"column":5}},"46":{"start":{"line":85,"column":8},"end":{"line":89,"column":10}},"47":{"start":{"line":86,"column":12},"end":{"line":86,"column":34}},"48":{"start":{"line":88,"column":12},"end":{"line":88,"column":97}},"49":{"start":{"line":92,"column":15},"end":{"line":92,"column":17}},"50":{"start":{"line":93,"column":14},"end":{"line":93,"column":16}},"51":{"start":{"line":94,"column":4},"end":{"line":94,"column":47}},"52":{"start":{"line":95,"column":4},"end":{"line":102,"column":5}},"53":{"start":{"line":96,"column":8},"end":{"line":101,"column":10}},"54":{"start":{"line":104,"column":4},"end":{"line":104,"column":41}}},"fnMap":{"0":{"name":"(anonymous_0)","decl":{"start":{"line":9,"column":20},"end":{"line":9,"column":21}},"loc":{"start":{"line":9,"column":34},"end":{"line":36,"column":1}},"line":9},"1":{"name":"(anonymous_1)","decl":{"start":{"line":15,"column":35},"end":{"line":15,"column":36}},"loc":{"start":{"line":15,"column":54},"end":{"line":35,"column":5}},"line":15},"2":{"name":"(anonymous_2)","decl":{"start":{"line":21,"column":65},"end":{"line":21,"column":66}},"loc":{"start":{"line":21,"column":79},"end":{"line":33,"column":13}},"line":21},"3":{"name":"(anonymous_3)","decl":{"start":{"line":28,"column":30},"end":{"line":28,"column":31}},"loc":{"start":{"line":28,"column":45},"end":{"line":31,"column":21}},"line":28},"4":{"name":"(anonymous_4)","decl":{"start":{"line":38,"column":21},"end":{"line":38,"column":22}},"loc":{"start":{"line":38,"column":35},"end":{"line":46,"column":1}},"line":38},"5":{"name":"(anonymous_5)","decl":{"start":{"line":43,"column":28},"end":{"line":43,"column":29}},"loc":{"start":{"line":43,"column":49},"end":{"line":45,"column":5}},"line":43},"6":{"name":"(anonymous_6)","decl":{"start":{"line":49,"column":31},"end":{"line":49,"column":32}},"loc":{"start":{"line":49,"column":45},"end":{"line":63,"column":1}},"line":49},"7":{"name":"(anonymous_7)","decl":{"start":{"line":53,"column":43},"end":{"line":53,"column":44}},"loc":{"start":{"line":53,"column":60},"end":{"line":62,"column":5}},"line":53},"8":{"name":"(anonymous_8)","decl":{"start":{"line":65,"column":38},"end":{"line":65,"column":39}},"loc":{"start":{"line":65,"column":58},"end":{"line":105,"column":1}},"line":65},"9":{"name":"(anonymous_9)","decl":{"start":{"line":73,"column":56},"end":{"line":73,"column":57}},"loc":{"start":{"line":73,"column":66},"end":{"line":75,"column":5}},"line":73},"10":{"name":"(anonymous_10)","decl":{"start":{"line":75,"column":13},"end":{"line":75,"column":14}},"loc":{"start":{"line":75,"column":20},"end":{"line":77,"column":5}},"line":75},"11":{"name":"(anonymous_11)","decl":{"start":{"line":85,"column":56},"end":{"line":85,"column":57}},"loc":{"start":{"line":85,"column":66},"end":{"line":87,"column":9}},"line":85},"12":{"name":"(anonymous_12)","decl":{"start":{"line":87,"column":17},"end":{"line":87,"column":18}},"loc":{"start":{"line":87,"column":24},"end":{"line":89,"column":9}},"line":87}},"branchMap":{"0":{"loc":{"start":{"line":16,"column":8},"end":{"line":34,"column":9}},"type":"if","locations":[{"start":{"line":16,"column":8},"end":{"line":34,"column":9}},{"start":{"line":20,"column":15},"end":{"line":34,"column":9}}],"line":16},"1":{"loc":{"start":{"line":16,"column":12},"end":{"line":16,"column":53}},"type":"binary-expr","locations":[{"start":{"line":16,"column":12},"end":{"line":16,"column":33}},{"start":{"line":16,"column":37},"end":{"line":16,"column":53}}],"line":16},"2":{"loc":{"start":{"line":22,"column":16},"end":{"line":24,"column":17}},"type":"if","locations":[{"start":{"line":22,"column":16},"end":{"line":24,"column":17}},{"start":{},"end":{}}],"line":22},"3":{"loc":{"start":{"line":25,"column":16},"end":{"line":32,"column":17}},"type":"if","locations":[{"start":{"line":25,"column":16},"end":{"line":32,"column":17}},{"start":{"line":27,"column":23},"end":{"line":32,"column":17}}],"line":25},"4":{"loc":{"start":{"line":54,"column":8},"end":{"line":54,"column":25}},"type":"if","locations":[{"start":{"line":54,"column":8},"end":{"line":54,"column":25}},{"start":{},"end":{}}],"line":54}},"s":{"0":1,"1":1,"2":1,"3":1,"4":1,"5":1,"6":1,"7":1,"8":1,"9":1,"10":1,"11":1,"12":1,"13":0,"14":1,"15":1,"16":0,"17":1,"18":1,"19":0,"20":0,"21":1,"22":0,"23":0,"24":1,"25":0,"26":0,"27":0,"28":0,"29":0,"30":0,"31":0,"32":0,"33":0,"34":1,"35":1,"36":1,"37":1,"38":1,"39":1,"40":1,"41":0,"42":1,"43":0,"44":0,"45":1,"46":0,"47":0,"48":0,"49":1,"50":1,"51":1,"52":1,"53":0,"54":1},"f":{"0":1,"1":1,"2":1,"3":0,"4":0,"5":0,"6":0,"7":0,"8":1,"9":1,"10":0,"11":0,"12":0},"b":{"0":[0,1],"1":[1,1],"2":[0,1],"3":[1,0],"4":[0,0]},"_coverageSchema":"1a1c01bbd47fc00a2c39e90264f33305004495a9","hash":"88f78df6238ea20076cc80055e481799da288dfc"}
,"/Users/santiagoperezcastro/Documents/devops/ProyectoAudioVital/Backend/controllers/CitaReparacionesController.js": {"path":"/Users/santiagoperezcastro/Documents/devops/ProyectoAudioVital/Backend/controllers/CitaReparacionesController.js","statementMap":{"0":{"start":{"line":1,"column":0},"end":{"line":1,"column":37}},"1":{"start":{"line":2,"column":0},"end":{"line":2,"column":29}},"2":{"start":{"line":4,"column":17},"end":{"line":4,"column":36}},"3":{"start":{"line":5,"column":14},"end":{"line":5,"column":42}},"4":{"start":{"line":6,"column":25},"end":{"line":6,"column":59}},"5":{"start":{"line":7,"column":17},"end":{"line":7,"column":43}},"6":{"start":{"line":9,"column":0},"end":{"line":36,"column":1}},"7":{"start":{"line":10,"column":19},"end":{"line":10,"column":34}},"8":{"start":{"line":11,"column":19},"end":{"line":11,"column":33}},"9":{"start":{"line":12,"column":18},"end":{"line":12,"column":31}},"10":{"start":{"line":13,"column":17},"end":{"line":13,"column":47}},"11":{"start":{"line":15,"column":4},"end":{"line":35,"column":6}},"12":{"start":{"line":16,"column":8},"end":{"line":34,"column":9}},"13":{"start":{"line":17,"column":12},"end":{"line":19,"column":14}},"14":{"start":{"line":21,"column":12},"end":{"line":33,"column":14}},"15":{"start":{"line":22,"column":16},"end":{"line":24,"column":17}},"16":{"start":{"line":23,"column":20},"end":{"line":23,"column":103}},"17":{"start":{"line":25,"column":16},"end":{"line":32,"column":17}},"18":{"start":{"line":26,"column":20},"end":{"line":26,"column":90}},"19":{"start":{"line":28,"column":20},"end":{"line":31,"column":22}},"20":{"start":{"line":29,"column":24},"end":{"line":29,"column":83}},"21":{"start":{"line":39,"column":0},"end":{"line":47,"column":1}},"22":{"start":{"line":44,"column":4},"end":{"line":46,"column":6}},"23":{"start":{"line":45,"column":8},"end":{"line":45,"column":34}},"24":{"start":{"line":50,"column":0},"end":{"line":64,"column":1}},"25":{"start":{"line":52,"column":17},"end":{"line":52,"column":33}},"26":{"start":{"line":54,"column":4},"end":{"line":63,"column":6}},"27":{"start":{"line":55,"column":8},"end":{"line":55,"column":25}},"28":{"start":{"line":55,"column":16},"end":{"line":55,"column":25}},"29":{"start":{"line":57,"column":20},"end":{"line":57,"column":22}},"30":{"start":{"line":58,"column":8},"end":{"line":60,"column":9}},"31":{"start":{"line":58,"column":21},"end":{"line":58,"column":22}},"32":{"start":{"line":59,"column":12},"end":{"line":59,"column":38}},"33":{"start":{"line":62,"column":8},"end":{"line":62,"column":44}},"34":{"start":{"line":66,"column":0},"end":{"line":106,"column":1}},"35":{"start":{"line":68,"column":17},"end":{"line":68,"column":33}},"36":{"start":{"line":69,"column":16},"end":{"line":69,"column":18}},"37":{"start":{"line":70,"column":18},"end":{"line":70,"column":20}},"38":{"start":{"line":72,"column":20},"end":{"line":72,"column":22}},"39":{"start":{"line":74,"column":4},"end":{"line":78,"column":6}},"40":{"start":{"line":75,"column":8},"end":{"line":75,"column":22}},"41":{"start":{"line":77,"column":8},"end":{"line":77,"column":91}},"42":{"start":{"line":80,"column":4},"end":{"line":83,"column":5}},"43":{"start":{"line":81,"column":8},"end":{"line":81,"column":33}},"44":{"start":{"line":82,"column":8},"end":{"line":82,"column":37}},"45":{"start":{"line":85,"column":4},"end":{"line":91,"column":5}},"46":{"start":{"line":86,"column":8},"end":{"line":90,"column":10}},"47":{"start":{"line":87,"column":12},"end":{"line":87,"column":34}},"48":{"start":{"line":89,"column":12},"end":{"line":89,"column":97}},"49":{"start":{"line":93,"column":15},"end":{"line":93,"column":17}},"50":{"start":{"line":94,"column":14},"end":{"line":94,"column":16}},"51":{"start":{"line":95,"column":4},"end":{"line":95,"column":47}},"52":{"start":{"line":96,"column":4},"end":{"line":103,"column":5}},"53":{"start":{"line":97,"column":8},"end":{"line":102,"column":10}},"54":{"start":{"line":105,"column":4},"end":{"line":105,"column":41}}},"fnMap":{"0":{"name":"(anonymous_0)","decl":{"start":{"line":9,"column":20},"end":{"line":9,"column":21}},"loc":{"start":{"line":9,"column":34},"end":{"line":36,"column":1}},"line":9},"1":{"name":"(anonymous_1)","decl":{"start":{"line":15,"column":35},"end":{"line":15,"column":36}},"loc":{"start":{"line":15,"column":54},"end":{"line":35,"column":5}},"line":15},"2":{"name":"(anonymous_2)","decl":{"start":{"line":21,"column":70},"end":{"line":21,"column":71}},"loc":{"start":{"line":21,"column":84},"end":{"line":33,"column":13}},"line":21},"3":{"name":"(anonymous_3)","decl":{"start":{"line":28,"column":30},"end":{"line":28,"column":31}},"loc":{"start":{"line":28,"column":45},"end":{"line":31,"column":21}},"line":28},"4":{"name":"(anonymous_4)","decl":{"start":{"line":39,"column":21},"end":{"line":39,"column":22}},"loc":{"start":{"line":39,"column":35},"end":{"line":47,"column":1}},"line":39},"5":{"name":"(anonymous_5)","decl":{"start":{"line":44,"column":33},"end":{"line":44,"column":34}},"loc":{"start":{"line":44,"column":54},"end":{"line":46,"column":5}},"line":44},"6":{"name":"(anonymous_6)","decl":{"start":{"line":50,"column":31},"end":{"line":50,"column":32}},"loc":{"start":{"line":50,"column":45},"end":{"line":64,"column":1}},"line":50},"7":{"name":"(anonymous_7)","decl":{"start":{"line":54,"column":48},"end":{"line":54,"column":49}},"loc":{"start":{"line":54,"column":65},"end":{"line":63,"column":5}},"line":54},"8":{"name":"(anonymous_8)","decl":{"start":{"line":66,"column":38},"end":{"line":66,"column":39}},"loc":{"start":{"line":66,"column":58},"end":{"line":106,"column":1}},"line":66},"9":{"name":"(anonymous_9)","decl":{"start":{"line":74,"column":61},"end":{"line":74,"column":62}},"loc":{"start":{"line":74,"column":71},"end":{"line":76,"column":5}},"line":74},"10":{"name":"(anonymous_10)","decl":{"start":{"line":76,"column":13},"end":{"line":76,"column":14}},"loc":{"start":{"line":76,"column":20},"end":{"line":78,"column":5}},"line":76},"11":{"name":"(anonymous_11)","decl":{"start":{"line":86,"column":56},"end":{"line":86,"column":57}},"loc":{"start":{"line":86,"column":66},"end":{"line":88,"column":9}},"line":86},"12":{"name":"(anonymous_12)","decl":{"start":{"line":88,"column":17},"end":{"line":88,"column":18}},"loc":{"start":{"line":88,"column":24},"end":{"line":90,"column":9}},"line":88}},"branchMap":{"0":{"loc":{"start":{"line":16,"column":8},"end":{"line":34,"column":9}},"type":"if","locations":[{"start":{"line":16,"column":8},"end":{"line":34,"column":9}},{"start":{"line":20,"column":15},"end":{"line":34,"column":9}}],"line":16},"1":{"loc":{"start":{"line":16,"column":12},"end":{"line":16,"column":53}},"type":"binary-expr","locations":[{"start":{"line":16,"column":12},"end":{"line":16,"column":33}},{"start":{"line":16,"column":37},"end":{"line":16,"column":53}}],"line":16},"2":{"loc":{"start":{"line":22,"column":16},"end":{"line":24,"column":17}},"type":"if","locations":[{"start":{"line":22,"column":16},"end":{"line":24,"column":17}},{"start":{},"end":{}}],"line":22},"3":{"loc":{"start":{"line":25,"column":16},"end":{"line":32,"column":17}},"type":"if","locations":[{"start":{"line":25,"column":16},"end":{"line":32,"column":17}},{"start":{"line":27,"column":23},"end":{"line":32,"column":17}}],"line":25},"4":{"loc":{"start":{"line":55,"column":8},"end":{"line":55,"column":25}},"type":"if","locations":[{"start":{"line":55,"column":8},"end":{"line":55,"column":25}},{"start":{},"end":{}}],"line":55}},"s":{"0":1,"1":1,"2":1,"3":1,"4":1,"5":1,"6":1,"7":1,"8":1,"9":1,"10":1,"11":1,"12":1,"13":0,"14":1,"15":1,"16":0,"17":1,"18":1,"19":0,"20":0,"21":1,"22":0,"23":0,"24":1,"25":0,"26":0,"27":0,"28":0,"29":0,"30":0,"31":0,"32":0,"33":0,"34":1,"35":1,"36":1,"37":1,"38":1,"39":1,"40":1,"41":0,"42":1,"43":0,"44":0,"45":1,"46":0,"47":0,"48":0,"49":1,"50":1,"51":1,"52":1,"53":0,"54":1},"f":{"0":1,"1":1,"2":1,"3":0,"4":0,"5":0,"6":0,"7":0,"8":1,"9":1,"10":0,"11":0,"12":0},"b":{"0":[0,1],"1":[1,1],"2":[0,1],"3":[1,0],"4":[0,0]},"_coverageSchema":"1a1c01bbd47fc00a2c39e90264f33305004495a9","hash":"5c00bfc058787b2dba159bdb759f54b86acdfac4"}
,"/Users/santiagoperezcastro/Documents/devops/ProyectoAudioVital/Backend/controllers/PacienteController.js": {"path":"/Users/santiagoperezcastro/Documents/devops/ProyectoAudioVital/Backend/controllers/PacienteController.js","statementMap":{"0":{"start":{"line":1,"column":0},"end":{"line":1,"column":30}},"1":{"start":{"line":2,"column":0},"end":{"line":2,"column":33}},"2":{"start":{"line":3,"column":0},"end":{"line":3,"column":38}},"3":{"start":{"line":5,"column":17},"end":{"line":5,"column":36}},"4":{"start":{"line":6,"column":14},"end":{"line":6,"column":42}},"5":{"start":{"line":8,"column":17},"end":{"line":8,"column":43}},"6":{"start":{"line":9,"column":20},"end":{"line":9,"column":49}},"7":{"start":{"line":10,"column":25},"end":{"line":10,"column":59}},"8":{"start":{"line":12,"column":0},"end":{"line":12,"column":40}},"9":{"start":{"line":14,"column":0},"end":{"line":19,"column":2}},"10":{"start":{"line":15,"column":18},"end":{"line":15,"column":40}},"11":{"start":{"line":16,"column":1},"end":{"line":18,"column":4}},"12":{"start":{"line":17,"column":2},"end":{"line":17,"column":33}},"13":{"start":{"line":21,"column":0},"end":{"line":25,"column":2}},"14":{"start":{"line":22,"column":1},"end":{"line":24,"column":4}},"15":{"start":{"line":23,"column":2},"end":{"line":23,"column":33}},"16":{"start":{"line":27,"column":0},"end":{"line":32,"column":2}},"17":{"start":{"line":28,"column":15},"end":{"line":28,"column":32}},"18":{"start":{"line":29,"column":1},"end":{"line":31,"column":4}},"19":{"start":{"line":30,"column":2},"end":{"line":30,"column":33}},"20":{"start":{"line":34,"column":0},"end":{"line":39,"column":2}},"21":{"start":{"line":35,"column":15},"end":{"line":35,"column":32}},"22":{"start":{"line":36,"column":1},"end":{"line":38,"column":4}},"23":{"start":{"line":37,"column":2},"end":{"line":37,"column":33}},"24":{"start":{"line":41,"column":0},"end":{"line":59,"column":2}},"25":{"start":{"line":42,"column":15},"end":{"line":42,"column":32}},"26":{"start":{"line":43,"column":25},"end":{"line":43,"column":26}},"27":{"start":{"line":45,"column":1},"end":{"line":48,"column":4}},"28":{"start":{"line":46,"column":2},"end":{"line":46,"column":21}},"29":{"start":{"line":46,"column":11},"end":{"line":46,"column":21}},"30":{"start":{"line":47,"column":2},"end":{"line":47,"column":29}},"31":{"start":{"line":50,"column":1},"end":{"line":53,"column":4}},"32":{"start":{"line":51,"column":2},"end":{"line":51,"column":21}},"33":{"start":{"line":51,"column":11},"end":{"line":51,"column":21}},"34":{"start":{"line":52,"column":2},"end":{"line":52,"column":30}},"35":{"start":{"line":55,"column":1},"end":{"line":58,"column":4}},"36":{"start":{"line":61,"column":0},"end":{"line":74,"column":2}},"37":{"start":{"line":62,"column":16},"end":{"line":62,"column":40}},"38":{"start":{"line":63,"column":19},"end":{"line":63,"column":41}},"39":{"start":{"line":64,"column":1},"end":{"line":73,"column":4}},"40":{"start":{"line":65,"column":2},"end":{"line":65,"column":21}},"41":{"start":{"line":65,"column":11},"end":{"line":65,"column":21}},"42":{"start":{"line":66,"column":2},"end":{"line":66,"column":62}},"43":{"start":{"line":68,"column":2},"end":{"line":72,"column":4}},"44":{"start":{"line":70,"column":4},"end":{"line":70,"column":33}}},"fnMap":{"0":{"name":"(anonymous_0)","decl":{"start":{"line":14,"column":24},"end":{"line":14,"column":25}},"loc":{"start":{"line":14,"column":38},"end":{"line":19,"column":1}},"line":14},"1":{"name":"(anonymous_1)","decl":{"start":{"line":16,"column":15},"end":{"line":16,"column":16}},"loc":{"start":{"line":16,"column":34},"end":{"line":18,"column":2}},"line":16},"2":{"name":"(anonymous_2)","decl":{"start":{"line":21,"column":25},"end":{"line":21,"column":26}},"loc":{"start":{"line":21,"column":39},"end":{"line":25,"column":1}},"line":21},"3":{"name":"(anonymous_3)","decl":{"start":{"line":22,"column":24},"end":{"line":22,"column":25}},"loc":{"start":{"line":22,"column":49},"end":{"line":24,"column":2}},"line":22},"4":{"name":"(anonymous_4)","decl":{"start":{"line":27,"column":33},"end":{"line":27,"column":34}},"loc":{"start":{"line":27,"column":47},"end":{"line":32,"column":1}},"line":27},"5":{"name":"(anonymous_5)","decl":{"start":{"line":29,"column":58},"end":{"line":29,"column":59}},"loc":{"start":{"line":29,"column":77},"end":{"line":31,"column":2}},"line":29},"6":{"name":"(anonymous_6)","decl":{"start":{"line":34,"column":33},"end":{"line":34,"column":34}},"loc":{"start":{"line":34,"column":47},"end":{"line":39,"column":1}},"line":34},"7":{"name":"(anonymous_7)","decl":{"start":{"line":36,"column":33},"end":{"line":36,"column":34}},"loc":{"start":{"line":36,"column":52},"end":{"line":38,"column":2}},"line":36},"8":{"name":"(anonymous_8)","decl":{"start":{"line":41,"column":35},"end":{"line":41,"column":36}},"loc":{"start":{"line":41,"column":49},"end":{"line":59,"column":1}},"line":41},"9":{"name":"(anonymous_9)","decl":{"start":{"line":45,"column":49},"end":{"line":45,"column":50}},"loc":{"start":{"line":45,"column":66},"end":{"line":48,"column":2}},"line":45},"10":{"name":"(anonymous_10)","decl":{"start":{"line":50,"column":54},"end":{"line":50,"column":55}},"loc":{"start":{"line":50,"column":71},"end":{"line":53,"column":2}},"line":50},"11":{"name":"(anonymous_11)","decl":{"start":{"line":61,"column":31},"end":{"line":61,"column":32}},"loc":{"start":{"line":61,"column":45},"end":{"line":74,"column":1}},"line":61},"12":{"name":"(anonymous_12)","decl":{"start":{"line":64,"column":28},"end":{"line":64,"column":29}},"loc":{"start":{"line":64,"column":45},"end":{"line":73,"column":2}},"line":64},"13":{"name":"(anonymous_13)","decl":{"start":{"line":69,"column":3},"end":{"line":69,"column":4}},"loc":{"start":{"line":69,"column":20},"end":{"line":71,"column":4}},"line":69}},"branchMap":{"0":{"loc":{"start":{"line":46,"column":2},"end":{"line":46,"column":21}},"type":"if","locations":[{"start":{"line":46,"column":2},"end":{"line":46,"column":21}},{"start":{},"end":{}}],"line":46},"1":{"loc":{"start":{"line":51,"column":2},"end":{"line":51,"column":21}},"type":"if","locations":[{"start":{"line":51,"column":2},"end":{"line":51,"column":21}},{"start":{},"end":{}}],"line":51},"2":{"loc":{"start":{"line":65,"column":2},"end":{"line":65,"column":21}},"type":"if","locations":[{"start":{"line":65,"column":2},"end":{"line":65,"column":21}},{"start":{},"end":{}}],"line":65}},"s":{"0":1,"1":1,"2":1,"3":1,"4":1,"5":1,"6":1,"7":1,"8":1,"9":1,"10":1,"11":1,"12":1,"13":1,"14":0,"15":0,"16":1,"17":1,"18":1,"19":1,"20":1,"21":0,"22":0,"23":0,"24":1,"25":0,"26":0,"27":0,"28":0,"29":0,"30":0,"31":0,"32":0,"33":0,"34":0,"35":0,"36":1,"37":0,"38":0,"39":0,"40":0,"41":0,"42":0,"43":0,"44":0},"f":{"0":1,"1":1,"2":0,"3":0,"4":1,"5":1,"6":0,"7":0,"8":0,"9":0,"10":0,"11":0,"12":0,"13":0},"b":{"0":[0,0],"1":[0,0],"2":[0,0]},"_coverageSchema":"1a1c01bbd47fc00a2c39e90264f33305004495a9","hash":"9c424763c7fc1a2feddfd2c39422dddeedc4d7e8"}
,"/Users/santiagoperezcastro/Documents/devops/ProyectoAudioVital/Backend/db/db.js": {"path":"/Users/santiagoperezcastro/Documents/devops/ProyectoAudioVital/Backend/db/db.js","statementMap":{"0":{"start":{"line":1,"column":17},"end":{"line":1,"column":36}},"1":{"start":{"line":2,"column":0},"end":{"line":2,"column":33}},"2":{"start":{"line":3,"column":0},"end":{"line":3,"column":30}},"3":{"start":{"line":5,"column":11},"end":{"line":8,"column":2}},"4":{"start":{"line":10,"column":0},"end":{"line":10,"column":19}}},"fnMap":{},"branchMap":{},"s":{"0":1,"1":1,"2":1,"3":1,"4":1},"f":{},"b":{},"_coverageSchema":"1a1c01bbd47fc00a2c39e90264f33305004495a9","hash":"7b2a08e1140435a3837ee1932d94eba69108fe8d"}
,"/Users/santiagoperezcastro/Documents/devops/ProyectoAudioVital/Backend/handlers/utils.js": {"path":"/Users/santiagoperezcastro/Documents/devops/ProyectoAudioVital/Backend/handlers/utils.js","statementMap":{"0":{"start":{"line":1,"column":0},"end":{"line":10,"column":1}},"1":{"start":{"line":2,"column":4},"end":{"line":9,"column":5}},"2":{"start":{"line":3,"column":8},"end":{"line":6,"column":10}},"3":{"start":{"line":8,"column":8},"end":{"line":8,"column":22}},"4":{"start":{"line":11,"column":0},"end":{"line":16,"column":1}},"5":{"start":{"line":12,"column":4},"end":{"line":15,"column":6}},"6":{"start":{"line":17,"column":0},"end":{"line":22,"column":1}},"7":{"start":{"line":18,"column":4},"end":{"line":21,"column":6}}},"fnMap":{"0":{"name":"(anonymous_0)","decl":{"start":{"line":1,"column":15},"end":{"line":1,"column":16}},"loc":{"start":{"line":1,"column":41},"end":{"line":10,"column":1}},"line":1},"1":{"name":"(anonymous_1)","decl":{"start":{"line":11,"column":16},"end":{"line":11,"column":17}},"loc":{"start":{"line":11,"column":36},"end":{"line":16,"column":1}},"line":11},"2":{"name":"(anonymous_2)","decl":{"start":{"line":17,"column":15},"end":{"line":17,"column":16}},"loc":{"start":{"line":17,"column":39},"end":{"line":22,"column":1}},"line":17}},"branchMap":{"0":{"loc":{"start":{"line":2,"column":4},"end":{"line":9,"column":5}},"type":"if","locations":[{"start":{"line":2,"column":4},"end":{"line":9,"column":5}},{"start":{"line":7,"column":11},"end":{"line":9,"column":5}}],"line":2}},"s":{"0":1,"1":2,"2":1,"3":1,"4":1,"5":0,"6":1,"7":0},"f":{"0":2,"1":0,"2":0},"b":{"0":[1,1]},"_coverageSchema":"1a1c01bbd47fc00a2c39e90264f33305004495a9","hash":"7c825bc1b4ee799b201628cd91a9a2e1697be7cd"}
,"/Users/santiagoperezcastro/Documents/devops/ProyectoAudioVital/Backend/models/CitaClinica.js": {"path":"/Users/santiagoperezcastro/Documents/devops/ProyectoAudioVital/Backend/models/CitaClinica.js","statementMap":{"0":{"start":{"line":1,"column":17},"end":{"line":1,"column":36}},"1":{"start":{"line":2,"column":15},"end":{"line":2,"column":30}},"2":{"start":{"line":3,"column":20},"end":{"line":18,"column":1}},"3":{"start":{"line":20,"column":0},"end":{"line":20,"column":60}}},"fnMap":{},"branchMap":{},"s":{"0":1,"1":1,"2":1,"3":1},"f":{},"b":{},"_coverageSchema":"1a1c01bbd47fc00a2c39e90264f33305004495a9","hash":"1d5ce2c0b4f7fcd11038ce19d31699144b6bb093"}
,"/Users/santiagoperezcastro/Documents/devops/ProyectoAudioVital/Backend/models/CitaReparaciones.js": {"path":"/Users/santiagoperezcastro/Documents/devops/ProyectoAudioVital/Backend/models/CitaReparaciones.js","statementMap":{"0":{"start":{"line":1,"column":17},"end":{"line":1,"column":36}},"1":{"start":{"line":2,"column":15},"end":{"line":2,"column":30}},"2":{"start":{"line":3,"column":25},"end":{"line":12,"column":2}},"3":{"start":{"line":14,"column":0},"end":{"line":14,"column":69}}},"fnMap":{},"branchMap":{},"s":{"0":1,"1":1,"2":1,"3":1},"f":{},"b":{},"_coverageSchema":"1a1c01bbd47fc00a2c39e90264f33305004495a9","hash":"889e828c4c5b6855452e17840818c0bba4ff4b51"}
,"/Users/santiagoperezcastro/Documents/devops/ProyectoAudioVital/Backend/models/Paciente.js": {"path":"/Users/santiagoperezcastro/Documents/devops/ProyectoAudioVital/Backend/models/Paciente.js","statementMap":{"0":{"start":{"line":1,"column":17},"end":{"line":1,"column":36}},"1":{"start":{"line":2,"column":15},"end":{"line":2,"column":30}},"2":{"start":{"line":3,"column":17},"end":{"line":14,"column":1}},"3":{"start":{"line":16,"column":0},"end":{"line":16,"column":54}}},"fnMap":{},"branchMap":{},"s":{"0":1,"1":1,"2":1,"3":1},"f":{},"b":{},"_coverageSchema":"1a1c01bbd47fc00a2c39e90264f33305004495a9","hash":"56cabb5a9fb84a5b57c4faf997ab535da22ea8b8"}
,"/Users/santiagoperezcastro/Documents/devops/ProyectoAudioVital/Backend/routes/CitaClinicaRoutes.js": {"path":"/Users/santiagoperezcastro/Documents/devops/ProyectoAudioVital/Backend/routes/CitaClinicaRoutes.js","statementMap":{"0":{"start":{"line":1,"column":16},"end":{"line":1,"column":34}},"1":{"start":{"line":2,"column":13},"end":{"line":2,"column":60}},"2":{"start":{"line":4,"column":15},"end":{"line":4,"column":31}},"3":{"start":{"line":7,"column":0},"end":{"line":7,"column":44}},"4":{"start":{"line":8,"column":0},"end":{"line":8,"column":61}},"5":{"start":{"line":9,"column":0},"end":{"line":9,"column":78}},"6":{"start":{"line":13,"column":0},"end":{"line":13,"column":44}},"7":{"start":{"line":15,"column":0},"end":{"line":15,"column":23}}},"fnMap":{},"branchMap":{},"s":{"0":1,"1":1,"2":1,"3":1,"4":1,"5":1,"6":1,"7":1},"f":{},"b":{},"_coverageSchema":"1a1c01bbd47fc00a2c39e90264f33305004495a9","hash":"f969c3890c89a65f0093e19ed369fe2096b8357c"}
,"/Users/santiagoperezcastro/Documents/devops/ProyectoAudioVital/Backend/routes/CitaReparacionesRoutes.js": {"path":"/Users/santiagoperezcastro/Documents/devops/ProyectoAudioVital/Backend/routes/CitaReparacionesRoutes.js","statementMap":{"0":{"start":{"line":1,"column":16},"end":{"line":1,"column":34}},"1":{"start":{"line":2,"column":13},"end":{"line":2,"column":65}},"2":{"start":{"line":4,"column":15},"end":{"line":4,"column":31}},"3":{"start":{"line":7,"column":0},"end":{"line":7,"column":49}},"4":{"start":{"line":8,"column":0},"end":{"line":8,"column":66}},"5":{"start":{"line":9,"column":0},"end":{"line":9,"column":83}},"6":{"start":{"line":12,"column":0},"end":{"line":12,"column":49}},"7":{"start":{"line":14,"column":0},"end":{"line":14,"column":23}}},"fnMap":{},"branchMap":{},"s":{"0":1,"1":1,"2":1,"3":1,"4":1,"5":1,"6":1,"7":1},"f":{},"b":{},"_coverageSchema":"1a1c01bbd47fc00a2c39e90264f33305004495a9","hash":"0042f2b1f6eb271bc791776f8b028778a848028c"}
,"/Users/santiagoperezcastro/Documents/devops/ProyectoAudioVital/Backend/routes/PacienteRoutes.js": {"path":"/Users/santiagoperezcastro/Documents/devops/ProyectoAudioVital/Backend/routes/PacienteRoutes.js","statementMap":{"0":{"start":{"line":1,"column":16},"end":{"line":1,"column":34}},"1":{"start":{"line":2,"column":17},"end":{"line":2,"column":61}},"2":{"start":{"line":4,"column":15},"end":{"line":4,"column":31}},"3":{"start":{"line":7,"column":0},"end":{"line":7,"column":48}},"4":{"start":{"line":8,"column":0},"end":{"line":8,"column":71}},"5":{"start":{"line":9,"column":0},"end":{"line":9,"column":71}},"6":{"start":{"line":10,"column":0},"end":{"line":10,"column":76}},"7":{"start":{"line":13,"column":0},"end":{"line":13,"column":48}},"8":{"start":{"line":14,"column":0},"end":{"line":14,"column":70}},"9":{"start":{"line":16,"column":0},"end":{"line":16,"column":23}}},"fnMap":{},"branchMap":{},"s":{"0":1,"1":1,"2":1,"3":1,"4":1,"5":1,"6":1,"7":1,"8":1,"9":1},"f":{},"b":{},"_coverageSchema":"1a1c01bbd47fc00a2c39e90264f33305004495a9","hash":"f5d10796d8850de1d7c09a0ba0eca92e39d96b34"}
,"/Users/santiagoperezcastro/Documents/devops/ProyectoAudioVital/Backend/routes/index.js": {"path":"/Users/santiagoperezcastro/Documents/devops/ProyectoAudioVital/Backend/routes/index.js","statementMap":{"0":{"start":{"line":1,"column":16},"end":{"line":1,"column":34}},"1":{"start":{"line":3,"column":23},"end":{"line":3,"column":50}},"2":{"start":{"line":4,"column":26},"end":{"line":4,"column":56}},"3":{"start":{"line":5,"column":31},"end":{"line":5,"column":66}},"4":{"start":{"line":7,"column":15},"end":{"line":7,"column":31}},"5":{"start":{"line":9,"column":0},"end":{"line":9,"column":32}},"6":{"start":{"line":10,"column":0},"end":{"line":10,"column":35}},"7":{"start":{"line":11,"column":0},"end":{"line":11,"column":40}},"8":{"start":{"line":13,"column":0},"end":{"line":13,"column":24}}},"fnMap":{},"branchMap":{},"s":{"0":1,"1":1,"2":1,"3":1,"4":1,"5":1,"6":1,"7":1,"8":1},"f":{},"b":{},"_coverageSchema":"1a1c01bbd47fc00a2c39e90264f33305004495a9","hash":"becee1279760de139dd84942c5a155ca7497f533"}
}
