TN:
SF:app.js
FN:14,(anonymous_0)
FN:20,(anonymous_1)
FNF:2
FNH:1
FNDA:1,(anonymous_0)
FNDA:0,(anonymous_1)
DA:1,1
DA:2,1
DA:3,1
DA:4,1
DA:5,1
DA:7,1
DA:9,1
DA:10,1
DA:11,1
DA:12,1
DA:14,1
DA:15,1
DA:18,1
DA:20,1
DA:21,0
DA:22,0
DA:25,1
LF:17
LH:15
BRDA:18,0,0,1
BRDA:18,0,1,1
BRF:2
BRH:2
end_of_record
TN:
SF:controllers/CitaClinicaController.js
FN:9,(anonymous_0)
FN:15,(anonymous_1)
FN:21,(anonymous_2)
FN:28,(anonymous_3)
FN:38,(anonymous_4)
FN:43,(anonymous_5)
FN:49,(anonymous_6)
FN:53,(anonymous_7)
FN:65,(anonymous_8)
FN:73,(anonymous_9)
FN:75,(anonymous_10)
FN:85,(anonymous_11)
FN:87,(anonymous_12)
FNF:13
FNH:5
FNDA:1,(anonymous_0)
FNDA:1,(anonymous_1)
FNDA:1,(anonymous_2)
FNDA:0,(anonymous_3)
FNDA:0,(anonymous_4)
FNDA:0,(anonymous_5)
FNDA:0,(anonymous_6)
FNDA:0,(anonymous_7)
FNDA:1,(anonymous_8)
FNDA:1,(anonymous_9)
FNDA:0,(anonymous_10)
FNDA:0,(anonymous_11)
FNDA:0,(anonymous_12)
DA:1,1
DA:2,1
DA:4,1
DA:5,1
DA:6,1
DA:7,1
DA:9,1
DA:10,1
DA:11,1
DA:12,1
DA:13,1
DA:15,1
DA:16,1
DA:17,0
DA:21,1
DA:22,1
DA:23,0
DA:25,1
DA:26,1
DA:28,0
DA:29,0
DA:38,1
DA:43,0
DA:44,0
DA:49,1
DA:51,0
DA:53,0
DA:54,0
DA:56,0
DA:57,0
DA:58,0
DA:61,0
DA:65,1
DA:67,1
DA:68,1
DA:69,1
DA:71,1
DA:73,1
DA:74,1
DA:76,0
DA:79,1
DA:80,0
DA:81,0
DA:84,1
DA:85,0
DA:86,0
DA:88,0
DA:92,1
DA:93,1
DA:94,1
DA:95,1
DA:96,0
DA:104,1
LF:53
LH:33
BRDA:16,0,0,0
BRDA:16,0,1,1
BRDA:16,1,0,1
BRDA:16,1,1,1
BRDA:22,2,0,0
BRDA:22,2,1,1
BRDA:25,3,0,1
BRDA:25,3,1,0
BRDA:54,4,0,0
BRDA:54,4,1,0
BRF:10
BRH:5
end_of_record
TN:
SF:controllers/CitaReparacionesController.js
FN:9,(anonymous_0)
FN:15,(anonymous_1)
FN:21,(anonymous_2)
FN:28,(anonymous_3)
FN:39,(anonymous_4)
FN:44,(anonymous_5)
FN:50,(anonymous_6)
FN:54,(anonymous_7)
FN:66,(anonymous_8)
FN:74,(anonymous_9)
FN:76,(anonymous_10)
FN:86,(anonymous_11)
FN:88,(anonymous_12)
FNF:13
FNH:5
FNDA:1,(anonymous_0)
FNDA:1,(anonymous_1)
FNDA:1,(anonymous_2)
FNDA:0,(anonymous_3)
FNDA:0,(anonymous_4)
FNDA:0,(anonymous_5)
FNDA:0,(anonymous_6)
FNDA:0,(anonymous_7)
FNDA:1,(anonymous_8)
FNDA:1,(anonymous_9)
FNDA:0,(anonymous_10)
FNDA:0,(anonymous_11)
FNDA:0,(anonymous_12)
DA:1,1
DA:2,1
DA:4,1
DA:5,1
DA:6,1
DA:7,1
DA:9,1
DA:10,1
DA:11,1
DA:12,1
DA:13,1
DA:15,1
DA:16,1
DA:17,0
DA:21,1
DA:22,1
DA:23,0
DA:25,1
DA:26,1
DA:28,0
DA:29,0
DA:39,1
DA:44,0
DA:45,0
DA:50,1
DA:52,0
DA:54,0
DA:55,0
DA:57,0
DA:58,0
DA:59,0
DA:62,0
DA:66,1
DA:68,1
DA:69,1
DA:70,1
DA:72,1
DA:74,1
DA:75,1
DA:77,0
DA:80,1
DA:81,0
DA:82,0
DA:85,1
DA:86,0
DA:87,0
DA:89,0
DA:93,1
DA:94,1
DA:95,1
DA:96,1
DA:97,0
DA:105,1
LF:53
LH:33
BRDA:16,0,0,0
BRDA:16,0,1,1
BRDA:16,1,0,1
BRDA:16,1,1,1
BRDA:22,2,0,0
BRDA:22,2,1,1
BRDA:25,3,0,1
BRDA:25,3,1,0
BRDA:55,4,0,0
BRDA:55,4,1,0
BRF:10
BRH:5
end_of_record
TN:
SF:controllers/PacienteController.js
FN:14,(anonymous_0)
FN:16,(anonymous_1)
FN:21,(anonymous_2)
FN:22,(anonymous_3)
FN:27,(anonymous_4)
FN:29,(anonymous_5)
FN:34,(anonymous_6)
FN:36,(anonymous_7)
FN:41,(anonymous_8)
FN:45,(anonymous_9)
FN:50,(anonymous_10)
FN:61,(anonymous_11)
FN:64,(anonymous_12)
FN:69,(anonymous_13)
FNF:14
FNH:4
FNDA:1,(anonymous_0)
FNDA:1,(anonymous_1)
FNDA:0,(anonymous_2)
FNDA:0,(anonymous_3)
FNDA:1,(anonymous_4)
FNDA:1,(anonymous_5)
FNDA:0,(anonymous_6)
FNDA:0,(anonymous_7)
FNDA:0,(anonymous_8)
FNDA:0,(anonymous_9)
FNDA:0,(anonymous_10)
FNDA:0,(anonymous_11)
FNDA:0,(anonymous_12)
FNDA:0,(anonymous_13)
DA:1,1
DA:2,1
DA:3,1
DA:5,1
DA:6,1
DA:8,1
DA:9,1
DA:10,1
DA:12,1
DA:14,1
DA:15,1
DA:16,1
DA:17,1
DA:21,1
DA:22,0
DA:23,0
DA:27,1
DA:28,1
DA:29,1
DA:30,1
DA:34,1
DA:35,0
DA:36,0
DA:37,0
DA:41,1
DA:42,0
DA:43,0
DA:45,0
DA:46,0
DA:47,0
DA:50,0
DA:51,0
DA:52,0
DA:55,0
DA:61,1
DA:62,0
DA:63,0
DA:64,0
DA:65,0
DA:66,0
DA:68,0
DA:70,0
LF:42
LH:21
BRDA:46,0,0,0
BRDA:46,0,1,0
BRDA:51,1,0,0
BRDA:51,1,1,0
BRDA:65,2,0,0
BRDA:65,2,1,0
BRF:6
BRH:0
end_of_record
TN:
SF:db/db.js
FNF:0
FNH:0
DA:1,1
DA:2,1
DA:3,1
DA:5,1
DA:10,1
LF:5
LH:5
BRF:0
BRH:0
end_of_record
TN:
SF:handlers/utils.js
FN:1,(anonymous_0)
FN:11,(anonymous_1)
FN:17,(anonymous_2)
FNF:3
FNH:1
FNDA:2,(anonymous_0)
FNDA:0,(anonymous_1)
FNDA:0,(anonymous_2)
DA:1,1
DA:2,2
DA:3,1
DA:8,1
DA:11,1
DA:12,0
DA:17,1
DA:18,0
LF:8
LH:6
BRDA:2,0,0,1
BRDA:2,0,1,1
BRF:2
BRH:2
end_of_record
TN:
SF:models/CitaClinica.js
FNF:0
FNH:0
DA:1,1
DA:2,1
DA:3,1
DA:20,1
LF:4
LH:4
BRF:0
BRH:0
end_of_record
TN:
SF:models/CitaReparaciones.js
FNF:0
FNH:0
DA:1,1
DA:2,1
DA:3,1
DA:14,1
LF:4
LH:4
BRF:0
BRH:0
end_of_record
TN:
SF:models/Paciente.js
FNF:0
FNH:0
DA:1,1
DA:2,1
DA:3,1
DA:16,1
LF:4
LH:4
BRF:0
BRH:0
end_of_record
TN:
SF:routes/CitaClinicaRoutes.js
FNF:0
FNH:0
DA:1,1
DA:2,1
DA:4,1
DA:7,1
DA:8,1
DA:9,1
DA:13,1
DA:15,1
LF:8
LH:8
BRF:0
BRH:0
end_of_record
TN:
SF:routes/CitaReparacionesRoutes.js
FNF:0
FNH:0
DA:1,1
DA:2,1
DA:4,1
DA:7,1
DA:8,1
DA:9,1
DA:12,1
DA:14,1
LF:8
LH:8
BRF:0
BRH:0
end_of_record
TN:
SF:routes/PacienteRoutes.js
FNF:0
FNH:0
DA:1,1
DA:2,1
DA:4,1
DA:7,1
DA:8,1
DA:9,1
DA:10,1
DA:13,1
DA:14,1
DA:16,1
LF:10
LH:10
BRF:0
BRH:0
end_of_record
TN:
SF:routes/index.js
FNF:0
FNH:0
DA:1,1
DA:3,1
DA:4,1
DA:5,1
DA:7,1
DA:9,1
DA:10,1
DA:11,1
DA:13,1
LF:9
LH:9
BRF:0
BRH:0
end_of_record
